{"level":"error","message":"404 - Not Found - /api - /api - GET - ::1","timestamp":"2026-03-06T16:15:11.896Z"}
{"level":"error","message":"404 - Not Found - /api-docs - /api-docs - GET - ::1","timestamp":"2026-03-06T16:15:46.231Z"}
{"level":"error","message":"404 - Not Found - /api-docs.json - /api-docs.json - GET - ::1","timestamp":"2026-03-06T16:15:56.581Z"}
{"level":"error","message":"404 - Not Found - /api-docs - /api-docs - GET - ::1","timestamp":"2026-03-06T16:22:00.119Z"}
{"level":"error","message":"404 - Not Found - /api-docs - /api-docs - GET - ::1","timestamp":"2026-03-06T16:22:01.317Z"}
{"level":"error","message":"404 - Not Found - /api-docs - /api-docs - GET - ::1","timestamp":"2026-03-06T16:22:02.496Z"}
{"level":"error","message":"404 - Not Found - /api-docs - /api-docs - GET - ::1","timestamp":"2026-03-06T16:22:03.582Z"}
{"level":"error","message":"404 - Not Found - /api - /api - GET - ::1","timestamp":"2026-03-06T16:22:08.680Z"}
{"level":"error","message":"404 - Not Found - /api-docs.json - /api-docs.json - GET - ::1","timestamp":"2026-03-06T16:22:17.088Z"}
{"level":"error","message":"404 - Not Found - /api - /api - GET - ::1","timestamp":"2026-03-06T16:23:55.207Z"}
{"level":"error","message":"404 - Not Found - /api - /api - GET - ::1","timestamp":"2026-03-06T16:34:42.467Z"}
{"level":"error","message":"500 - Cast to ObjectId failed for value \"product_id_here\" (type string) at path \"_id\" for model \"Product\" - /api/cart - POST - ::1","timestamp":"2026-03-06T17:13:36.356Z"}
{"level":"error","message":"400 - User already exists - /api/users/register - POST - ::1","timestamp":"2026-03-06T18:19:54.009Z"}
{"level":"error","message":"401 - Invalid credentials - /api/users/login - POST - ::1","timestamp":"2026-03-06T18:23:38.217Z"}
{"level":"error","message":"401 - Invalid credentials - /api/users/login - POST - ::1","timestamp":"2026-03-11T11:58:04.198Z"}
{"level":"error","message":"401 - Invalid credentials - /api/users/login - POST - ::1","timestamp":"2026-03-11T11:58:33.789Z"}
{"level":"error","message":"500 - Cannot destructure property 'name' of 'req.body' as it is undefined. - /api/products - POST - ::1","timestamp":"2026-03-11T12:02:38.669Z"}
{"level":"error","message":"500 - Product validation failed: category: Cast to ObjectId failed for value \"blazers\" (type string) at path \"category\" because of \"BSONError\" - /api/products - POST - ::1","timestamp":"2026-03-11T13:03:39.159Z"}
{"level":"error","message":"500 - Failed to upload image - /api/products - POST - ::1","timestamp":"2026-03-11T13:21:34.466Z"}
{"level":"error","message":"500 - Product validation failed: category: Cast to ObjectId failed for value \"blazers\" (type string) at path \"category\" because of \"BSONError\" - /api/products - POST - ::1","timestamp":"2026-03-11T13:25:22.995Z"}
{"level":"info","message":"Product created: SHIRT","timestamp":"2026-03-11T13:31:18.271Z"}
{"level":"info","message":"Product created: pant","timestamp":"2026-03-11T13:32:59.080Z"}
{"level":"info","message":"Product created: sassa","timestamp":"2026-03-11T13:33:46.352Z"}
{"level":"info","message":"Product created: Ocean Spirit","timestamp":"2026-03-11T14:06:30.778Z"}
{"level":"info","message":"Product updated: Shirt","timestamp":"2026-03-11T14:21:53.409Z"}
{"level":"info","message":"Product updated: Shirt","timestamp":"2026-03-11T14:22:35.541Z"}
{"level":"info","message":"Product updated: Shirt","timestamp":"2026-03-11T14:23:12.543Z"}
{"level":"info","message":"Product updated: Shirt","timestamp":"2026-03-11T14:27:43.786Z"}
{"level":"info","message":"Product updated: Shirt","timestamp":"2026-03-11T14:27:53.653Z"}
{"level":"info","message":"Product deleted: Shirt","timestamp":"2026-03-11T14:28:01.011Z"}
{"level":"error","message":"500 - Cast to ObjectId failed for value \"accessories\" (type string) at path \"category\" for model \"Product\" - /api/products?page=1&limit=50&category=accessories - GET - ::1","timestamp":"2026-03-11T16:23:52.918Z"}
{"level":"error","message":"500 - Cast to ObjectId failed for value \"accessories\" (type string) at path \"category\" for model \"Product\" - /api/products?page=1&limit=50&category=accessories - GET - ::1","timestamp":"2026-03-11T16:23:58.131Z"}
{"level":"error","message":"500 - Cast to ObjectId failed for value \"blazers\" (type string) at path \"category\" for model \"Product\" - /api/products?page=1&limit=50&category=blazers - GET - ::1","timestamp":"2026-03-11T16:23:59.833Z"}
{"level":"error","message":"500 - Cast to ObjectId failed for value \"bottoms\" (type string) at path \"category\" for model \"Product\" - /api/products?page=1&limit=50&category=bottoms - GET - ::1","timestamp":"2026-03-11T16:24:01.323Z"}
{"level":"error","message":"500 - Cast to ObjectId failed for value \"knitwear\" (type string) at path \"category\" for model \"Product\" - /api/products?page=1&limit=50&category=knitwear - GET - ::1","timestamp":"2026-03-11T16:24:02.533Z"}
{"level":"error","message":"500 - Cast to ObjectId failed for value \"outerwear\" (type string) at path \"category\" for model \"Product\" - /api/products?page=1&limit=50&category=outerwear - GET - ::1","timestamp":"2026-03-11T16:24:03.712Z"}
{"level":"error","message":"500 - Cast to ObjectId failed for value \"shirts\" (type string) at path \"category\" for model \"Product\" - /api/products?page=1&limit=50&category=shirts - GET - ::1","timestamp":"2026-03-11T16:24:04.967Z"}
{"level":"error","message":"500 - Cast to ObjectId failed for value \"accessories\" (type string) at path \"category\" for model \"Product\" - /api/products?page=1&limit=50&category=accessories - GET - ::1","timestamp":"2026-03-11T16:24:09.489Z"}
{"level":"error","message":"500 - Cast to ObjectId failed for value \"accessories\" (type string) at path \"category\" for model \"Product\" - /api/products?page=1&limit=50&category=accessories - GET - ::1","timestamp":"2026-03-11T16:24:13.174Z"}
{"level":"error","message":"500 - Cast to ObjectId failed for value \"blazers\" (type string) at path \"category\" for model \"Product\" - /api/products?page=1&limit=50&category=blazers - GET - ::1","timestamp":"2026-03-11T16:24:23.479Z"}
{"level":"error","message":"500 - Cast to ObjectId failed for value \"bottoms\" (type string) at path \"category\" for model \"Product\" - /api/products?page=1&limit=50&category=bottoms - GET - ::1","timestamp":"2026-03-11T16:24:24.710Z"}
{"level":"error","message":"500 - Cast to ObjectId failed for value \"knitwear\" (type string) at path \"category\" for model \"Product\" - /api/products?page=1&limit=50&category=knitwear - GET - ::1","timestamp":"2026-03-11T16:24:25.840Z"}
{"level":"error","message":"500 - Cast to ObjectId failed for value \"outerwear\" (type string) at path \"category\" for model \"Product\" - /api/products?page=1&limit=50&category=outerwear - GET - ::1","timestamp":"2026-03-11T16:24:26.884Z"}
{"level":"error","message":"500 - Cast to ObjectId failed for value \"shirts\" (type string) at path \"category\" for model \"Product\" - /api/products?page=1&limit=50&category=shirts - GET - ::1","timestamp":"2026-03-11T16:24:27.963Z"}
{"level":"error","message":"500 - Cast to ObjectId failed for value \"accessories\" (type string) at path \"category\" for model \"Product\" - /api/products?page=1&limit=50&category=accessories - GET - ::1","timestamp":"2026-03-11T16:24:31.887Z"}
{"level":"error","message":"500 - Cast to ObjectId failed for value \"blazers\" (type string) at path \"category\" for model \"Product\" - /api/products?page=1&limit=50&category=blazers - GET - ::1","timestamp":"2026-03-11T16:24:53.085Z"}
{"level":"error","message":"500 - Cast to ObjectId failed for value \"accessories\" (type string) at path \"category\" for model \"Product\" - /api/products?page=1&limit=50&category=accessories - GET - ::1","timestamp":"2026-03-11T16:25:02.829Z"}
{"level":"error","message":"500 - Cast to ObjectId failed for value \"accessories\" (type string) at path \"category\" for model \"Product\" - /api/products?page=1&limit=50&category=accessories - GET - ::1","timestamp":"2026-03-11T16:29:25.322Z"}
{"level":"error","message":"500 - Cast to ObjectId failed for value \"blazers\" (type string) at path \"category\" for model \"Product\" - /api/products?page=1&limit=50&category=blazers - GET - ::1","timestamp":"2026-03-11T16:29:52.927Z"}
{"level":"error","message":"500 - Cannot populate path `reviews` because it is not in your schema. Set the `strictPopulate` option to false to override. - /api/products/69b196df61470c14477789e9 - GET - ::1","timestamp":"2026-03-11T16:39:40.806Z"}
{"level":"error","message":"500 - Cast to ObjectId failed for value \"1\" (type string) at path \"_id\" for model \"Product\" - /api/products/1 - GET - ::1","timestamp":"2026-03-11T16:47:39.886Z"}
{"level":"error","message":"500 - Cast to ObjectId failed for value \"1\" (type string) at path \"_id\" for model \"Product\" - /api/products/1 - GET - ::1","timestamp":"2026-03-11T16:47:39.937Z"}
{"level":"error","message":"401 - Invalid credentials - /api/users/login - POST - ::1","timestamp":"2026-05-21T07:21:01.073Z"}
{"level":"error","message":"401 - Invalid credentials - /api/users/login - POST - ::1","timestamp":"2026-05-21T07:21:08.830Z"}
{"level":"error","message":"400 - User already exists - /api/users/register - POST - ::1","timestamp":"2026-05-21T07:21:49.655Z"}
{"level":"info","message":"Item added to cart: Minimalist Wool Coat by user 69f1dccd2c9b59c750a248e0","timestamp":"2026-05-21T07:35:53.038Z"}
{"level":"info","message":"Item added to cart: Classic White Sneakers by user 69f1dccd2c9b59c750a248e0","timestamp":"2026-05-21T07:46:46.882Z"}
{"level":"info","message":"Item removed from cart: 69b196df61470c14477789e4 by user 69f1dccd2c9b59c750a248e0","timestamp":"2026-05-21T07:46:53.828Z"}
{"level":"info","message":"Item removed from cart: 69b1a33461470c14477789f6 by user 69f1dccd2c9b59c750a248e0","timestamp":"2026-05-21T07:46:54.947Z"}
{"level":"info","message":"Item added to cart: Minimalist Travel Backpack by user 69f1dccd2c9b59c750a248e0","timestamp":"2026-05-21T07:47:07.050Z"}
{"level":"info","message":"Order created: 6a0eb8ad2466080786f4ad19 by user 69f1dccd2c9b59c750a248e0","timestamp":"2026-05-21T07:47:57.172Z"}
{"level":"info","message":"Cart cleared by user 69f1dccd2c9b59c750a248e0","timestamp":"2026-05-21T07:47:57.201Z"}
{"level":"error","message":"500 - Cast to ObjectId failed for value \"logout\" (type string) at path \"_id\" for model \"User\" - /api/users/logout - GET - ::1","timestamp":"2026-05-21T15:36:38.278Z"}
{"level":"info","message":"Item added to cart: Classic Analog Watch by user 69f1dccd2c9b59c750a248e0","timestamp":"2026-05-22T07:58:13.976Z"}
{"level":"info","message":"Cart cleared by user 69f1dccd2c9b59c750a248e0","timestamp":"2026-05-22T07:58:30.399Z"}
{"level":"error","message":"401 - Invalid credentials - /api/users/login - POST - ::1","timestamp":"2026-05-22T08:34:09.580Z"}
{"level":"info","message":"Item added to cart: Minimalist Wool Coat by user 69f1dccd2c9b59c750a248e0","timestamp":"2026-05-22T08:58:56.039Z"}
{"level":"info","message":"Order created: 6a101afca5979f3ceb0a354e by user 69f1dccd2c9b59c750a248e0","timestamp":"2026-05-22T08:59:40.304Z"}
{"level":"info","message":"Cart cleared by user 69f1dccd2c9b59c750a248e0","timestamp":"2026-05-22T08:59:40.322Z"}
{"level":"info","message":"Order created: 6a105b31e7ed4b9f412ff3fb by user 69f1dccd2c9b59c750a248e0","timestamp":"2026-05-22T13:33:37.883Z"}
{"level":"info","message":"Cart cleared by user 69f1dccd2c9b59c750a248e0","timestamp":"2026-05-22T13:33:37.918Z"}
{"level":"info","message":"Item added to cart: Running Performance Shoes by user 69f1dccd2c9b59c750a248e0","timestamp":"2026-05-22T13:49:31.925Z"}
{"level":"info","message":"Order created: 6a105f234fe7363b9dc4e818 by user 69f1dccd2c9b59c750a248e0","timestamp":"2026-05-22T13:50:27.901Z"}
{"level":"info","message":"Cart cleared by user 69f1dccd2c9b59c750a248e0","timestamp":"2026-05-22T13:50:27.931Z"}
{"level":"info","message":"Item added to cart: Minimalist Wool Coat by user 69f1dccd2c9b59c750a248e0","timestamp":"2026-05-22T14:41:56.757Z"}
{"level":"info","message":"Order created: 6a106b6d3d830878a76dc7fc by user 69f1dccd2c9b59c750a248e0","timestamp":"2026-05-22T14:42:53.900Z"}
{"level":"info","message":"Cart cleared by user 69f1dccd2c9b59c750a248e0","timestamp":"2026-05-22T14:42:53.928Z"}
{"correlation":{"requestId":"rid1"},"jobId":"repair:pid1:oid1","level":"info","message":"reconciliation_job_enqueued","orderId":"oid1","paymentId":"pid1","scanType":null,"timestamp":"2026-05-22T16:01:07.917Z"}
{"ip":"::1","level":"info","message":"request_start","method":"GET","requestId":"b86f76af-ee23-4d89-a270-0d1176886824","timestamp":"2026-05-22T16:43:46.564Z","url":"/api/users/me"}
{"durationMs":17,"level":"info","message":"request_end","requestId":"b86f76af-ee23-4d89-a270-0d1176886824","statusCode":401,"timestamp":"2026-05-22T16:43:46.579Z"}
{"ip":"::1","level":"info","message":"request_start","method":"GET","requestId":"485c823f-0954-437b-8877-d88d29bbf2ec","timestamp":"2026-05-22T16:43:46.608Z","url":"/api/users/csrf"}
{"durationMs":4,"level":"info","message":"request_end","requestId":"485c823f-0954-437b-8877-d88d29bbf2ec","statusCode":200,"timestamp":"2026-05-22T16:43:46.612Z"}
{"ip":"::1","level":"info","message":"request_start","method":"POST","requestId":"a78bfb4a-f3f2-4706-8b3b-83201219e054","timestamp":"2026-05-22T16:43:46.625Z","url":"/api/users/refresh"}
{"durationMs":87,"level":"info","message":"request_end","requestId":"a78bfb4a-f3f2-4706-8b3b-83201219e054","statusCode":200,"timestamp":"2026-05-22T16:43:46.712Z"}
{"ip":"::1","level":"info","message":"request_start","method":"GET","requestId":"d8a06577-604f-4f83-8eac-9d83041cd8a3","timestamp":"2026-05-22T16:43:46.718Z","url":"/api/users/me"}
{"durationMs":7,"level":"info","message":"request_end","requestId":"d8a06577-604f-4f83-8eac-9d83041cd8a3","statusCode":304,"timestamp":"2026-05-22T16:43:46.725Z"}
{"ip":"::1","level":"info","message":"request_start","method":"GET","requestId":"d7e9d8ce-9492-4248-9879-87e2281b7deb","timestamp":"2026-05-22T16:43:46.764Z","url":"/api/cart"}
{"ip":"::1","level":"info","message":"request_start","method":"GET","requestId":"1f721728-a773-4d1d-acea-3001d419271e","timestamp":"2026-05-22T16:43:46.767Z","url":"/api/categories"}
{"durationMs":9,"level":"info","message":"request_end","requestId":"1f721728-a773-4d1d-acea-3001d419271e","statusCode":304,"timestamp":"2026-05-22T16:43:46.776Z"}
{"durationMs":18,"level":"info","message":"request_end","requestId":"d7e9d8ce-9492-4248-9879-87e2281b7deb","statusCode":200,"timestamp":"2026-05-22T16:43:46.782Z"}
{"ip":"::1","level":"info","message":"request_start","method":"GET","requestId":"e535bc04-194d-4204-a598-dca43e841d12","timestamp":"2026-05-22T16:43:46.802Z","url":"/api/products?page=1&limit=50&category=bags"}
{"durationMs":21,"level":"info","message":"request_end","requestId":"e535bc04-194d-4204-a598-dca43e841d12","statusCode":200,"timestamp":"2026-05-22T16:43:46.823Z"}
{"ip":"::1","level":"info","message":"request_start","method":"GET","requestId":"50f7eeec-7a7a-4147-bf46-af06d6cb15f1","timestamp":"2026-05-22T16:44:05.997Z","url":"/api/products/featured?limit=4"}
{"durationMs":50,"level":"info","message":"request_end","requestId":"50f7eeec-7a7a-4147-bf46-af06d6cb15f1","statusCode":200,"timestamp":"2026-05-22T16:44:06.047Z"}
{"ip":"::1","level":"info","message":"request_start","method":"GET","requestId":"22c9ab42-b431-4286-a241-718576dc267b","timestamp":"2026-05-22T16:44:06.055Z","url":"/api/products/featured?limit=4"}
{"durationMs":35,"level":"info","message":"request_end","requestId":"22c9ab42-b431-4286-a241-718576dc267b","statusCode":200,"timestamp":"2026-05-22T16:44:06.089Z"}
{"ip":"::1","level":"info","message":"request_start","method":"GET","requestId":"f0965e8e-de01-4894-a949-cd24f9152f02","timestamp":"2026-05-22T16:44:08.267Z","url":"/api/products/featured?limit=4"}
{"ip":"::1","level":"info","message":"request_start","method":"GET","requestId":"1130e6df-5162-42ce-b5ce-4d604e8281c0","timestamp":"2026-05-22T16:44:08.271Z","url":"/api/users/me"}
{"durationMs":17,"level":"info","message":"request_end","requestId":"1130e6df-5162-42ce-b5ce-4d604e8281c0","statusCode":304,"timestamp":"2026-05-22T16:44:08.288Z"}
{"durationMs":27,"level":"info","message":"request_end","requestId":"f0965e8e-de01-4894-a949-cd24f9152f02","statusCode":200,"timestamp":"2026-05-22T16:44:08.294Z"}
{"ip":"::1","level":"info","message":"request_start","method":"GET","requestId":"83cd3243-06c4-4ea1-a7a8-92a988dc7603","timestamp":"2026-05-22T16:44:08.310Z","url":"/api/cart"}
{"durationMs":11,"level":"info","message":"request_end","requestId":"83cd3243-06c4-4ea1-a7a8-92a988dc7603","statusCode":304,"timestamp":"2026-05-22T16:44:08.321Z"}
{"ip":"::1","level":"info","message":"request_start","method":"GET","requestId":"95bc0cab-9e9c-4feb-b6d5-f926ae259b39","timestamp":"2026-05-22T16:44:20.449Z","url":"/api/orders/my-orders?page=1&limit=10"}
{"durationMs":35,"level":"info","message":"request_end","requestId":"95bc0cab-9e9c-4feb-b6d5-f926ae259b39","statusCode":304,"timestamp":"2026-05-22T16:44:20.484Z"}
{"ip":"::1","level":"info","message":"request_start","method":"GET","requestId":"1a967a23-6294-4540-8cd9-7d730cd89df1","timestamp":"2026-05-22T16:44:24.656Z","url":"/api/orders/6a106b6d3d830878a76dc7fc"}
{"durationMs":31,"level":"info","message":"request_end","requestId":"1a967a23-6294-4540-8cd9-7d730cd89df1","statusCode":200,"timestamp":"2026-05-22T16:44:24.687Z"}
{"ip":"::1","level":"info","message":"request_start","method":"GET","requestId":"73291d83-845d-4abb-8f7c-61a3dc3cc2df","timestamp":"2026-05-22T16:44:32.606Z","url":"/api/orders/my-orders?page=1&limit=10"}
{"durationMs":19,"level":"info","message":"request_end","requestId":"73291d83-845d-4abb-8f7c-61a3dc3cc2df","statusCode":304,"timestamp":"2026-05-22T16:44:32.625Z"}
{"ip":"::1","level":"info","message":"request_start","method":"GET","requestId":"bc8cc177-2389-4ece-915c-3106ebed1d0b","timestamp":"2026-05-22T16:44:39.937Z","url":"/api/products?page=1&limit=100"}
{"durationMs":61,"level":"info","message":"request_end","requestId":"bc8cc177-2389-4ece-915c-3106ebed1d0b","statusCode":200,"timestamp":"2026-05-22T16:44:39.998Z"}
{"ip":"::1","level":"info","message":"request_start","method":"GET","requestId":"06de87e0-fbef-44a2-8b88-063b69de68ba","timestamp":"2026-05-22T16:44:40.013Z","url":"/api/products?page=1&limit=100"}
{"durationMs":55,"level":"info","message":"request_end","requestId":"06de87e0-fbef-44a2-8b88-063b69de68ba","statusCode":200,"timestamp":"2026-05-22T16:44:40.068Z"}
{"ip":"::1","level":"info","message":"request_start","method":"GET","requestId":"e8e8f675-e6c3-4107-b21c-55ecae6e772f","timestamp":"2026-05-22T16:44:59.694Z","url":"/api/products/featured?limit=4"}
{"durationMs":42,"level":"info","message":"request_end","requestId":"e8e8f675-e6c3-4107-b21c-55ecae6e772f","statusCode":200,"timestamp":"2026-05-22T16:44:59.736Z"}
{"ip":"::1","level":"info","message":"request_start","method":"GET","requestId":"4e8474e4-3438-40d8-8e12-3bf7196c2d26","timestamp":"2026-05-22T16:44:59.742Z","url":"/api/products/featured?limit=4"}
{"durationMs":28,"level":"info","message":"request_end","requestId":"4e8474e4-3438-40d8-8e12-3bf7196c2d26","statusCode":200,"timestamp":"2026-05-22T16:44:59.769Z"}
{"ip":"::1","level":"info","message":"request_start","method":"GET","requestId":"be71a610-bc27-4511-b9e7-fe6cd0a7abbf","timestamp":"2026-05-22T16:45:08.805Z","url":"/api/categories"}
{"durationMs":13,"level":"info","message":"request_end","requestId":"be71a610-bc27-4511-b9e7-fe6cd0a7abbf","statusCode":304,"timestamp":"2026-05-22T16:45:08.819Z"}
{"ip":"::1","level":"info","message":"request_start","method":"GET","requestId":"3fcb33c3-54b1-496a-9dd2-9478a1087d96","timestamp":"2026-05-22T16:45:08.824Z","url":"/api/categories"}
{"durationMs":19,"level":"info","message":"request_end","requestId":"3fcb33c3-54b1-496a-9dd2-9478a1087d96","statusCode":304,"timestamp":"2026-05-22T16:45:08.844Z"}
{"ip":"::1","level":"info","message":"request_start","method":"GET","requestId":"0db99308-f190-4327-9da7-400caf8fdcc2","timestamp":"2026-05-22T16:45:08.851Z","url":"/api/products?page=1&limit=50"}
{"durationMs":38,"level":"info","message":"request_end","requestId":"0db99308-f190-4327-9da7-400caf8fdcc2","statusCode":200,"timestamp":"2026-05-22T16:45:08.889Z"}
{"ip":"::1","level":"info","message":"request_start","method":"GET","requestId":"959a601e-46e0-4677-aaa7-6f5dc1a21884","timestamp":"2026-05-22T16:45:08.896Z","url":"/api/products?page=1&limit=50"}
{"durationMs":22,"level":"info","message":"request_end","requestId":"959a601e-46e0-4677-aaa7-6f5dc1a21884","statusCode":200,"timestamp":"2026-05-22T16:45:08.918Z"}
{"ip":"::1","level":"info","message":"request_start","method":"GET","requestId":"fe3b1131-d808-401d-8f44-79daea1bc46e","timestamp":"2026-05-22T16:45:14.246Z","url":"/api/users/csrf"}
{"durationMs":2,"level":"info","message":"request_end","requestId":"fe3b1131-d808-401d-8f44-79daea1bc46e","statusCode":200,"timestamp":"2026-05-22T16:45:14.248Z"}
{"ip":"::1","level":"info","message":"request_start","method":"POST","requestId":"960447b4-6db5-4679-960d-ce6699343827","timestamp":"2026-05-22T16:45:14.254Z","url":"/api/cart"}
{"level":"info","message":"Item added to cart: Merino Turtleneck by user 69f1dccd2c9b59c750a248e0","timestamp":"2026-05-22T16:45:14.289Z"}
{"durationMs":36,"level":"info","message":"request_end","requestId":"960447b4-6db5-4679-960d-ce6699343827","statusCode":200,"timestamp":"2026-05-22T16:45:14.290Z"}
{"ip":"::1","level":"info","message":"request_start","method":"GET","requestId":"6aa93a39-2db1-40a9-8678-e08091add61d","timestamp":"2026-05-22T16:45:15.148Z","url":"/api/products/69b196df61470c14477789eb"}
{"durationMs":16,"level":"info","message":"request_end","requestId":"6aa93a39-2db1-40a9-8678-e08091add61d","statusCode":200,"timestamp":"2026-05-22T16:45:15.164Z"}
{"ip":"::1","level":"info","message":"request_start","method":"GET","requestId":"ce33347a-7127-4c10-a12f-1433ffac152e","timestamp":"2026-05-22T16:45:15.170Z","url":"/api/products/69b196df61470c14477789eb"}
{"ip":"::1","level":"info","message":"request_start","method":"GET","requestId":"038b6e2a-bde4-4336-b3a6-3f2008a96f0e","timestamp":"2026-05-22T16:45:15.179Z","url":"/api/products?category=knitwear&limit=5"}
{"durationMs":19,"level":"info","message":"request_end","requestId":"ce33347a-7127-4c10-a12f-1433ffac152e","statusCode":200,"timestamp":"2026-05-22T16:45:15.189Z"}
{"durationMs":27,"level":"info","message":"request_end","requestId":"038b6e2a-bde4-4336-b3a6-3f2008a96f0e","statusCode":200,"timestamp":"2026-05-22T16:45:15.206Z"}
{"ip":"::1","level":"info","message":"request_start","method":"GET","requestId":"aefb51f3-cd2a-418c-bd6b-0528c86c28f1","timestamp":"2026-05-22T16:45:15.208Z","url":"/api/products?category=knitwear&limit=5"}
{"durationMs":14,"level":"info","message":"request_end","requestId":"aefb51f3-cd2a-418c-bd6b-0528c86c28f1","statusCode":200,"timestamp":"2026-05-22T16:45:15.222Z"}
{"ip":"::1","level":"info","message":"request_start","method":"GET","requestId":"e6ba3401-e866-494c-89a9-736c7922d2e9","timestamp":"2026-05-22T16:45:24.407Z","url":"/api/products/featured?limit=4"}
{"durationMs":46,"level":"info","message":"request_end","requestId":"e6ba3401-e866-494c-89a9-736c7922d2e9","statusCode":200,"timestamp":"2026-05-22T16:45:24.453Z"}
{"ip":"::1","level":"info","message":"request_start","method":"GET","requestId":"f84a3d17-0c88-4d55-83ea-5bfa5599a07f","timestamp":"2026-05-22T16:45:24.457Z","url":"/api/products/featured?limit=4"}
{"durationMs":36,"level":"info","message":"request_end","requestId":"f84a3d17-0c88-4d55-83ea-5bfa5599a07f","statusCode":200,"timestamp":"2026-05-22T16:45:24.494Z"}
{"ip":"::1","level":"info","message":"request_start","method":"GET","requestId":"8732f057-7cda-4040-a2c6-67021efca20c","timestamp":"2026-05-22T16:45:32.803Z","url":"/api/users/csrf"}
{"durationMs":3,"level":"info","message":"request_end","requestId":"8732f057-7cda-4040-a2c6-67021efca20c","statusCode":200,"timestamp":"2026-05-22T16:45:32.805Z"}
{"ip":"::1","level":"info","message":"request_start","method":"DELETE","requestId":"d5969556-f97e-414f-b5c8-27975787227e","timestamp":"2026-05-22T16:45:32.816Z","url":"/api/cart/69b196df61470c14477789eb"}
{"level":"info","message":"Item removed from cart: 69b196df61470c14477789eb by user 69f1dccd2c9b59c750a248e0","timestamp":"2026-05-22T16:45:32.832Z"}
{"durationMs":17,"level":"info","message":"request_end","requestId":"d5969556-f97e-414f-b5c8-27975787227e","statusCode":200,"timestamp":"2026-05-22T16:45:32.833Z"}
{"ip":"::1","level":"info","message":"request_start","method":"GET","requestId":"be95c35e-38a9-43cf-89d2-1a8df4ff3190","timestamp":"2026-05-22T16:45:34.839Z","url":"/api/products/featured?limit=4"}
{"durationMs":55,"level":"info","message":"request_end","requestId":"be95c35e-38a9-43cf-89d2-1a8df4ff3190","statusCode":200,"timestamp":"2026-05-22T16:45:34.893Z"}
{"ip":"::1","level":"info","message":"request_start","method":"GET","requestId":"d173a319-8150-489a-971d-4286fbffd695","timestamp":"2026-05-22T16:45:34.897Z","url":"/api/products/featured?limit=4"}
{"durationMs":25,"level":"info","message":"request_end","requestId":"d173a319-8150-489a-971d-4286fbffd695","statusCode":200,"timestamp":"2026-05-22T16:45:34.922Z"}
{"ip":"::1","level":"info","message":"request_start","method":"GET","requestId":"ac770df0-64c4-4529-8cd8-9e1e108557dd","timestamp":"2026-05-22T16:45:39.231Z","url":"/api/categories"}
{"durationMs":16,"level":"info","message":"request_end","requestId":"ac770df0-64c4-4529-8cd8-9e1e108557dd","statusCode":304,"timestamp":"2026-05-22T16:45:39.247Z"}
{"ip":"::1","level":"info","message":"request_start","method":"GET","requestId":"4bd1f765-f3b3-4f64-91b7-df6be6b58b10","timestamp":"2026-05-22T16:45:39.252Z","url":"/api/categories"}
{"durationMs":9,"level":"info","message":"request_end","requestId":"4bd1f765-f3b3-4f64-91b7-df6be6b58b10","statusCode":304,"timestamp":"2026-05-22T16:45:39.261Z"}
{"ip":"::1","level":"info","message":"request_start","method":"GET","requestId":"9bcbca98-dae1-40c2-9346-614995ad503b","timestamp":"2026-05-22T16:45:39.299Z","url":"/api/products?page=1&limit=50&category=accessories"}
{"durationMs":22,"level":"info","message":"request_end","requestId":"9bcbca98-dae1-40c2-9346-614995ad503b","statusCode":200,"timestamp":"2026-05-22T16:45:39.321Z"}
{"ip":"::1","level":"info","message":"request_start","method":"GET","requestId":"78525bb6-f2fb-4a60-92db-07d75d467a11","timestamp":"2026-05-22T16:45:39.326Z","url":"/api/products?page=1&limit=50&category=accessories"}
{"durationMs":32,"level":"info","message":"request_end","requestId":"78525bb6-f2fb-4a60-92db-07d75d467a11","statusCode":200,"timestamp":"2026-05-22T16:45:39.358Z"}
{"ip":"::1","level":"info","message":"request_start","method":"GET","requestId":"5e78d040-b2d6-4e10-9b70-52966e6a7b34","timestamp":"2026-05-22T16:45:42.019Z","url":"/api/categories"}
{"durationMs":4,"level":"info","message":"request_end","requestId":"5e78d040-b2d6-4e10-9b70-52966e6a7b34","statusCode":304,"timestamp":"2026-05-22T16:45:42.023Z"}
{"ip":"::1","level":"info","message":"request_start","method":"GET","requestId":"608bb16f-a7cf-4e7f-812e-7a4cf7bad228","timestamp":"2026-05-22T16:45:42.036Z","url":"/api/products?page=1&limit=50&category=outerwear"}
{"durationMs":17,"level":"info","message":"request_end","requestId":"608bb16f-a7cf-4e7f-812e-7a4cf7bad228","statusCode":200,"timestamp":"2026-05-22T16:45:42.053Z"}
{"ip":"::1","level":"info","message":"request_start","method":"GET","requestId":"18df02d9-dd63-4739-9db1-57eede1da1e4","timestamp":"2026-05-22T16:45:44.188Z","url":"/api/categories"}
{"durationMs":6,"level":"info","message":"request_end","requestId":"18df02d9-dd63-4739-9db1-57eede1da1e4","statusCode":304,"timestamp":"2026-05-22T16:45:44.194Z"}
{"ip":"::1","level":"info","message":"request_start","method":"GET","requestId":"ee28bc7b-cedd-48a5-9f34-20bedfd46068","timestamp":"2026-05-22T16:45:44.216Z","url":"/api/products?page=1&limit=50&category=jewelry"}
{"durationMs":22,"level":"info","message":"request_end","requestId":"ee28bc7b-cedd-48a5-9f34-20bedfd46068","statusCode":200,"timestamp":"2026-05-22T16:45:44.238Z"}
{"ip":"::1","level":"info","message":"request_start","method":"GET","requestId":"df76477b-91ec-420b-b05c-dae552be8bdf","timestamp":"2026-05-22T16:45:47.661Z","url":"/api/products/69b1a33461470c14477789fa"}
{"durationMs":46,"level":"info","message":"request_end","requestId":"df76477b-91ec-420b-b05c-dae552be8bdf","statusCode":200,"timestamp":"2026-05-22T16:45:47.706Z"}
{"ip":"::1","level":"info","message":"request_start","method":"GET","requestId":"3a7681de-4333-4b37-be32-1f3712735a18","timestamp":"2026-05-22T16:45:47.711Z","url":"/api/products/69b1a33461470c14477789fa"}
{"ip":"::1","level":"info","message":"request_start","method":"GET","requestId":"e85bf05c-d080-44c2-9cdc-b92b7153ded3","timestamp":"2026-05-22T16:45:47.727Z","url":"/api/products?category=jewelry&limit=5"}
{"durationMs":33,"level":"info","message":"request_end","requestId":"3a7681de-4333-4b37-be32-1f3712735a18","statusCode":200,"timestamp":"2026-05-22T16:45:47.744Z"}
{"durationMs":32,"level":"info","message":"request_end","requestId":"e85bf05c-d080-44c2-9cdc-b92b7153ded3","statusCode":200,"timestamp":"2026-05-22T16:45:47.759Z"}
{"ip":"::1","level":"info","message":"request_start","method":"GET","requestId":"7333126d-88c2-400b-91c6-3f7d0be8ef89","timestamp":"2026-05-22T16:45:47.762Z","url":"/api/products?category=jewelry&limit=5"}
{"durationMs":22,"level":"info","message":"request_end","requestId":"7333126d-88c2-400b-91c6-3f7d0be8ef89","statusCode":200,"timestamp":"2026-05-22T16:45:47.784Z"}
{"ip":"::1","level":"info","message":"request_start","method":"GET","requestId":"9312d899-3a76-471d-99ad-d06d51933166","timestamp":"2026-05-22T16:45:54.746Z","url":"/api/users/csrf"}
{"durationMs":2,"level":"info","message":"request_end","requestId":"9312d899-3a76-471d-99ad-d06d51933166","statusCode":200,"timestamp":"2026-05-22T16:45:54.748Z"}
{"ip":"::1","level":"info","message":"request_start","method":"POST","requestId":"fcb12e2c-265b-4fbe-bee3-d643bb6a8950","timestamp":"2026-05-22T16:45:54.759Z","url":"/api/cart"}
{"level":"info","message":"Item added to cart: Elegant Gold Necklace by user 69f1dccd2c9b59c750a248e0","timestamp":"2026-05-22T16:45:54.778Z"}
{"durationMs":20,"level":"info","message":"request_end","requestId":"fcb12e2c-265b-4fbe-bee3-d643bb6a8950","statusCode":200,"timestamp":"2026-05-22T16:45:54.780Z"}
{"ip":"::1","level":"info","message":"request_start","method":"GET","requestId":"414a8086-dcc9-4060-9d88-0bf46942edd9","timestamp":"2026-05-22T16:46:03.473Z","url":"/api/products/featured?limit=4"}
{"durationMs":14,"level":"info","message":"request_end","requestId":"414a8086-dcc9-4060-9d88-0bf46942edd9","statusCode":200,"timestamp":"2026-05-22T16:46:03.487Z"}
{"ip":"::1","level":"info","message":"request_start","method":"GET","requestId":"360cc377-af7f-406a-8e30-2a820a22618a","timestamp":"2026-05-22T16:46:03.490Z","url":"/api/products/featured?limit=4"}
{"durationMs":18,"level":"info","message":"request_end","requestId":"360cc377-af7f-406a-8e30-2a820a22618a","statusCode":200,"timestamp":"2026-05-22T16:46:03.508Z"}
{"ip":"::1","level":"info","message":"request_start","method":"GET","requestId":"5f9a2c7c-d7f4-4d47-a98f-bf21265e5b3d","timestamp":"2026-05-22T16:46:08.242Z","url":"/api/products/69b1a33461470c14477789fb"}
{"durationMs":12,"level":"info","message":"request_end","requestId":"5f9a2c7c-d7f4-4d47-a98f-bf21265e5b3d","statusCode":200,"timestamp":"2026-05-22T16:46:08.254Z"}
{"ip":"::1","level":"info","message":"request_start","method":"GET","requestId":"837661b0-16ba-4730-992d-dc181bee665b","timestamp":"2026-05-22T16:46:08.259Z","url":"/api/products/69b1a33461470c14477789fb"}
{"ip":"::1","level":"info","message":"request_start","method":"GET","requestId":"de6899e3-9326-4127-bfb2-74b5aa38480a","timestamp":"2026-05-22T16:46:08.267Z","url":"/api/products?category=jewelry&limit=5"}
{"durationMs":15,"level":"info","message":"request_end","requestId":"837661b0-16ba-4730-992d-dc181bee665b","statusCode":200,"timestamp":"2026-05-22T16:46:08.274Z"}
{"durationMs":21,"level":"info","message":"request_end","requestId":"de6899e3-9326-4127-bfb2-74b5aa38480a","statusCode":200,"timestamp":"2026-05-22T16:46:08.288Z"}
{"ip":"::1","level":"info","message":"request_start","method":"GET","requestId":"7927ef94-3e31-4d0d-a509-984e693110a2","timestamp":"2026-05-22T16:46:08.290Z","url":"/api/products?category=jewelry&limit=5"}
{"durationMs":12,"level":"info","message":"request_end","requestId":"7927ef94-3e31-4d0d-a509-984e693110a2","statusCode":200,"timestamp":"2026-05-22T16:46:08.303Z"}
{"ip":"::1","level":"info","message":"request_start","method":"GET","requestId":"2e486d94-4c0e-4e18-b5eb-de22b0ddd2a2","timestamp":"2026-05-22T16:47:09.282Z","url":"/api/users/csrf"}
{"durationMs":2,"level":"info","message":"request_end","requestId":"2e486d94-4c0e-4e18-b5eb-de22b0ddd2a2","statusCode":200,"timestamp":"2026-05-22T16:47:09.284Z"}
{"ip":"::1","level":"info","message":"request_start","method":"POST","requestId":"06533245-7c43-4ab4-a04a-ab6c33d154db","timestamp":"2026-05-22T16:47:09.312Z","url":"/api/orders"}
{"level":"info","message":"Order created: 6a10888d9209d27493c1453b by user 69f1dccd2c9b59c750a248e0","timestamp":"2026-05-22T16:47:09.366Z"}
{"durationMs":56,"level":"info","message":"request_end","requestId":"06533245-7c43-4ab4-a04a-ab6c33d154db","statusCode":201,"timestamp":"2026-05-22T16:47:09.367Z"}
{"ip":"::1","level":"info","message":"request_start","method":"GET","requestId":"8dcb980d-930e-49df-a6d9-13f064dbebad","timestamp":"2026-05-22T16:47:09.375Z","url":"/api/users/csrf"}
{"durationMs":5,"level":"info","message":"request_end","requestId":"8dcb980d-930e-49df-a6d9-13f064dbebad","statusCode":200,"timestamp":"2026-05-22T16:47:09.380Z"}
{"ip":"::1","level":"info","message":"request_start","method":"DELETE","requestId":"43e29e62-bd21-4a5c-8772-4b2aa90be350","timestamp":"2026-05-22T16:47:09.396Z","url":"/api/cart"}
{"level":"info","message":"Cart cleared by user 69f1dccd2c9b59c750a248e0","timestamp":"2026-05-22T16:47:09.419Z"}
{"durationMs":25,"level":"info","message":"request_end","requestId":"43e29e62-bd21-4a5c-8772-4b2aa90be350","statusCode":200,"timestamp":"2026-05-22T16:47:09.421Z"}
{"ip":"::1","level":"info","message":"request_start","method":"GET","requestId":"93e153f2-0245-4c4a-bc84-42446a391740","timestamp":"2026-05-22T16:47:23.332Z","url":"/api/categories"}
{"durationMs":34,"level":"info","message":"request_end","requestId":"93e153f2-0245-4c4a-bc84-42446a391740","statusCode":304,"timestamp":"2026-05-22T16:47:23.366Z"}
{"ip":"::1","level":"info","message":"request_start","method":"GET","requestId":"5167e37d-2c4f-41ce-9f49-c2258ade8ce2","timestamp":"2026-05-22T16:47:23.373Z","url":"/api/categories"}
{"durationMs":12,"level":"info","message":"request_end","requestId":"5167e37d-2c4f-41ce-9f49-c2258ade8ce2","statusCode":304,"timestamp":"2026-05-22T16:47:23.385Z"}
{"ip":"::1","level":"info","message":"request_start","method":"GET","requestId":"9bb65ced-a696-4108-9349-47a10d08ea1c","timestamp":"2026-05-22T16:47:23.417Z","url":"/api/products?page=1&limit=50"}
{"durationMs":35,"level":"info","message":"request_end","requestId":"9bb65ced-a696-4108-9349-47a10d08ea1c","statusCode":200,"timestamp":"2026-05-22T16:47:23.452Z"}
{"ip":"::1","level":"info","message":"request_start","method":"GET","requestId":"b04885f9-3a86-4ca6-83f3-46faab07e7e4","timestamp":"2026-05-22T16:47:23.464Z","url":"/api/products?page=1&limit=50"}
{"durationMs":23,"level":"info","message":"request_end","requestId":"b04885f9-3a86-4ca6-83f3-46faab07e7e4","statusCode":200,"timestamp":"2026-05-22T16:47:23.487Z"}
{"ip":"::1","level":"info","message":"request_start","method":"GET","requestId":"4f237bee-355e-4f76-ac72-1076c56d56e1","timestamp":"2026-05-22T16:47:31.957Z","url":"/api/orders/my-orders?page=1&limit=10"}
{"durationMs":34,"level":"info","message":"request_end","requestId":"4f237bee-355e-4f76-ac72-1076c56d56e1","statusCode":200,"timestamp":"2026-05-22T16:47:31.991Z"}
{"ip":"::1","level":"info","message":"request_start","method":"GET","requestId":"3d24f337-6d12-45ce-bdef-54ccefade39f","timestamp":"2026-05-22T16:47:38.603Z","url":"/api/orders/6a10888d9209d27493c1453b"}
{"durationMs":16,"level":"info","message":"request_end","requestId":"3d24f337-6d12-45ce-bdef-54ccefade39f","statusCode":200,"timestamp":"2026-05-22T16:47:38.619Z"}
{"ip":"::1","level":"info","message":"request_start","method":"GET","requestId":"02c24de3-663a-407e-b22c-dc5ebbd282ed","timestamp":"2026-05-22T16:47:51.361Z","url":"/api/orders/6a106b6d3d830878a76dc7fc"}
{"durationMs":16,"level":"info","message":"request_end","requestId":"02c24de3-663a-407e-b22c-dc5ebbd282ed","statusCode":200,"timestamp":"2026-05-22T16:47:51.377Z"}
{"ip":"::1","level":"info","message":"request_start","method":"GET","requestId":"4f0ae19a-5d35-4831-bc71-00bbdf62f48f","timestamp":"2026-05-22T16:47:57.724Z","url":"/api/orders/6a0eb8ad2466080786f4ad19"}
{"durationMs":19,"level":"info","message":"request_end","requestId":"4f0ae19a-5d35-4831-bc71-00bbdf62f48f","statusCode":200,"timestamp":"2026-05-22T16:47:57.743Z"}
{"ip":"::1","level":"info","message":"request_start","method":"GET","requestId":"bd6cba6a-1fb5-416c-a97c-aaf707236a4b","timestamp":"2026-05-22T16:48:29.014Z","url":"/api/products/featured?limit=4"}
{"durationMs":52,"level":"info","message":"request_end","requestId":"bd6cba6a-1fb5-416c-a97c-aaf707236a4b","statusCode":200,"timestamp":"2026-05-22T16:48:29.065Z"}
{"ip":"::1","level":"info","message":"request_start","method":"GET","requestId":"84b20652-23a2-43eb-a2c0-e0cdaf0e83a9","timestamp":"2026-05-22T16:48:29.073Z","url":"/api/products/featured?limit=4"}
{"durationMs":30,"level":"info","message":"request_end","requestId":"84b20652-23a2-43eb-a2c0-e0cdaf0e83a9","statusCode":200,"timestamp":"2026-05-22T16:48:29.104Z"}
{"ip":"::1","level":"info","message":"request_start","method":"GET","requestId":"47d8b39b-a7e9-4beb-89a4-cc60b92aa142","timestamp":"2026-05-22T16:48:57.247Z","url":"/api/categories"}
{"durationMs":8,"level":"info","message":"request_end","requestId":"47d8b39b-a7e9-4beb-89a4-cc60b92aa142","statusCode":304,"timestamp":"2026-05-22T16:48:57.255Z"}
{"ip":"::1","level":"info","message":"request_start","method":"GET","requestId":"09c86e4b-aa5c-49e5-ac3d-050a0c737df1","timestamp":"2026-05-22T16:48:57.259Z","url":"/api/categories"}
{"durationMs":6,"level":"info","message":"request_end","requestId":"09c86e4b-aa5c-49e5-ac3d-050a0c737df1","statusCode":304,"timestamp":"2026-05-22T16:48:57.265Z"}
{"ip":"::1","level":"info","message":"request_start","method":"GET","requestId":"a811c0a0-96ea-4232-8d49-f7d64b820074","timestamp":"2026-05-22T16:48:57.287Z","url":"/api/products?page=1&limit=50"}
{"durationMs":16,"level":"info","message":"request_end","requestId":"a811c0a0-96ea-4232-8d49-f7d64b820074","statusCode":200,"timestamp":"2026-05-22T16:48:57.303Z"}
{"ip":"::1","level":"info","message":"request_start","method":"GET","requestId":"77b09e2a-63bd-4614-bea5-b14f433ba05e","timestamp":"2026-05-22T16:48:57.305Z","url":"/api/products?page=1&limit=50"}
{"durationMs":13,"level":"info","message":"request_end","requestId":"77b09e2a-63bd-4614-bea5-b14f433ba05e","statusCode":200,"timestamp":"2026-05-22T16:48:57.318Z"}
{"ip":"::1","level":"info","message":"request_start","method":"GET","requestId":"940fff15-fe9a-4c09-977e-8bcd0ea590eb","timestamp":"2026-05-22T16:49:04.514Z","url":"/api/products/featured?limit=4"}
{"durationMs":17,"level":"info","message":"request_end","requestId":"940fff15-fe9a-4c09-977e-8bcd0ea590eb","statusCode":200,"timestamp":"2026-05-22T16:49:04.531Z"}
{"ip":"::1","level":"info","message":"request_start","method":"GET","requestId":"e8d96736-3e98-4c99-8b96-476aacfd8d0f","timestamp":"2026-05-22T16:49:04.544Z","url":"/api/products/featured?limit=4"}
{"durationMs":17,"level":"info","message":"request_end","requestId":"e8d96736-3e98-4c99-8b96-476aacfd8d0f","statusCode":200,"timestamp":"2026-05-22T16:49:04.562Z"}
{"ip":"::1","level":"info","message":"request_start","method":"GET","requestId":"1f2c79d4-5e59-4606-8c9e-30c7ddcd5725","timestamp":"2026-05-22T16:49:06.002Z","url":"/api/categories"}
{"durationMs":5,"level":"info","message":"request_end","requestId":"1f2c79d4-5e59-4606-8c9e-30c7ddcd5725","statusCode":304,"timestamp":"2026-05-22T16:49:06.007Z"}
{"ip":"::1","level":"info","message":"request_start","method":"GET","requestId":"ed579ca5-8404-40f5-9167-b4e4cc5ed4c8","timestamp":"2026-05-22T16:49:06.011Z","url":"/api/categories"}
{"durationMs":8,"level":"info","message":"request_end","requestId":"ed579ca5-8404-40f5-9167-b4e4cc5ed4c8","statusCode":304,"timestamp":"2026-05-22T16:49:06.019Z"}
{"ip":"::1","level":"info","message":"request_start","method":"GET","requestId":"9d82b8ce-35e0-4c09-a6e0-c8659141a1da","timestamp":"2026-05-22T16:49:06.036Z","url":"/api/products?page=1&limit=50"}
{"durationMs":15,"level":"info","message":"request_end","requestId":"9d82b8ce-35e0-4c09-a6e0-c8659141a1da","statusCode":200,"timestamp":"2026-05-22T16:49:06.051Z"}
{"ip":"::1","level":"info","message":"request_start","method":"GET","requestId":"efe40f1a-f4b6-4431-b973-b158e6cb5f4a","timestamp":"2026-05-22T16:49:06.053Z","url":"/api/products?page=1&limit=50"}
{"durationMs":13,"level":"info","message":"request_end","requestId":"efe40f1a-f4b6-4431-b973-b158e6cb5f4a","statusCode":200,"timestamp":"2026-05-22T16:49:06.066Z"}
{"ip":"::1","level":"info","message":"request_start","method":"GET","requestId":"096ec1de-a28c-4dd7-992a-36197a21fb5e","timestamp":"2026-05-22T16:50:24.939Z","url":"/api/users/csrf"}
{"durationMs":2,"level":"info","message":"request_end","requestId":"096ec1de-a28c-4dd7-992a-36197a21fb5e","statusCode":200,"timestamp":"2026-05-22T16:50:24.941Z"}
{"ip":"::1","level":"info","message":"request_start","method":"POST","requestId":"768ec9b0-f514-4b6d-9c47-5f75cac1ee70","timestamp":"2026-05-22T16:50:24.954Z","url":"/api/users/logout"}
{"durationMs":20,"level":"info","message":"request_end","requestId":"768ec9b0-f514-4b6d-9c47-5f75cac1ee70","statusCode":200,"timestamp":"2026-05-22T16:50:24.974Z"}
{"ip":"::1","level":"info","message":"request_start","method":"GET","requestId":"b3b1189a-1ab5-433a-bcb5-1d53e9075bcd","timestamp":"2026-05-22T16:56:05.130Z","url":"/api/products/featured?limit=4"}
{"durationMs":27,"level":"info","message":"request_end","requestId":"b3b1189a-1ab5-433a-bcb5-1d53e9075bcd","statusCode":200,"timestamp":"2026-05-22T16:56:05.157Z"}
{"ip":"::1","level":"info","message":"request_start","method":"GET","requestId":"6b4fb6b6-5e5c-4966-a0ea-822e0f408b9a","timestamp":"2026-05-22T16:56:05.162Z","url":"/api/products/featured?limit=4"}
{"durationMs":21,"level":"info","message":"request_end","requestId":"6b4fb6b6-5e5c-4966-a0ea-822e0f408b9a","statusCode":200,"timestamp":"2026-05-22T16:56:05.184Z"}
{"ip":"::1","level":"info","message":"request_start","method":"GET","requestId":"f0014b9d-a418-4a08-99a7-e81361fb2584","timestamp":"2026-05-22T16:56:55.587Z","url":"/api/products/featured?limit=4"}
{"durationMs":14,"level":"info","message":"request_end","requestId":"f0014b9d-a418-4a08-99a7-e81361fb2584","statusCode":200,"timestamp":"2026-05-22T16:56:55.602Z"}
{"ip":"::1","level":"info","message":"request_start","method":"GET","requestId":"a8eb38b9-f585-4e62-8c6d-fa098498bd8e","timestamp":"2026-05-22T16:56:56.830Z","url":"/api/products/featured?limit=4"}
{"durationMs":12,"level":"info","message":"request_end","requestId":"a8eb38b9-f585-4e62-8c6d-fa098498bd8e","statusCode":200,"timestamp":"2026-05-22T16:56:56.842Z"}
