{"level":"error","message":"404 - Not Found - /api - /api - GET - ::1","timestamp":"2026-03-06T16:15:11.896Z"}
{"level":"error","message":"404 - Not Found - /api-docs - /api-docs - GET - ::1","timestamp":"2026-03-06T16:15:46.231Z"}
{"level":"error","message":"404 - Not Found - /api-docs.json - /api-docs.json - GET - ::1","timestamp":"2026-03-06T16:15:56.581Z"}
{"level":"error","message":"404 - Not Found - /api-docs - /api-docs - GET - ::1","timestamp":"2026-03-06T16:22:00.119Z"}
{"level":"error","message":"404 - Not Found - /api-docs - /api-docs - GET - ::1","timestamp":"2026-03-06T16:22:01.317Z"}
{"level":"error","message":"404 - Not Found - /api-docs - /api-docs - GET - ::1","timestamp":"2026-03-06T16:22:02.496Z"}
{"level":"error","message":"404 - Not Found - /api-docs - /api-docs - GET - ::1","timestamp":"2026-03-06T16:22:03.582Z"}
{"level":"error","message":"404 - Not Found - /api - /api - GET - ::1","timestamp":"2026-03-06T16:22:08.680Z"}
{"level":"error","message":"404 - Not Found - /api-docs.json - /api-docs.json - GET - ::1","timestamp":"2026-03-06T16:22:17.088Z"}
{"level":"error","message":"404 - Not Found - /api - /api - GET - ::1","timestamp":"2026-03-06T16:23:55.207Z"}
{"level":"error","message":"404 - Not Found - /api - /api - GET - ::1","timestamp":"2026-03-06T16:34:42.467Z"}
{"level":"error","message":"500 - Cast to ObjectId failed for value \"product_id_here\" (type string) at path \"_id\" for model \"Product\" - /api/cart - POST - ::1","timestamp":"2026-03-06T17:13:36.356Z"}
{"level":"error","message":"400 - User already exists - /api/users/register - POST - ::1","timestamp":"2026-03-06T18:19:54.009Z"}
{"level":"error","message":"401 - Invalid credentials - /api/users/login - POST - ::1","timestamp":"2026-03-06T18:23:38.217Z"}
{"level":"error","message":"401 - Invalid credentials - /api/users/login - POST - ::1","timestamp":"2026-03-11T11:58:04.198Z"}
{"level":"error","message":"401 - Invalid credentials - /api/users/login - POST - ::1","timestamp":"2026-03-11T11:58:33.789Z"}
{"level":"error","message":"500 - Cannot destructure property 'name' of 'req.body' as it is undefined. - /api/products - POST - ::1","timestamp":"2026-03-11T12:02:38.669Z"}
{"level":"error","message":"500 - Product validation failed: category: Cast to ObjectId failed for value \"blazers\" (type string) at path \"category\" because of \"BSONError\" - /api/products - POST - ::1","timestamp":"2026-03-11T13:03:39.159Z"}
{"level":"error","message":"500 - Failed to upload image - /api/products - POST - ::1","timestamp":"2026-03-11T13:21:34.466Z"}
{"level":"error","message":"500 - Product validation failed: category: Cast to ObjectId failed for value \"blazers\" (type string) at path \"category\" because of \"BSONError\" - /api/products - POST - ::1","timestamp":"2026-03-11T13:25:22.995Z"}
{"level":"error","message":"401 - Invalid credentials - /api/users/login - POST - ::1","timestamp":"2026-05-21T07:21:01.073Z"}
{"level":"error","message":"401 - Invalid credentials - /api/users/login - POST - ::1","timestamp":"2026-05-21T07:21:08.830Z"}
{"level":"error","message":"400 - User already exists - /api/users/register - POST - ::1","timestamp":"2026-05-21T07:21:49.655Z"}
{"level":"error","message":"500 - Cast to ObjectId failed for value \"logout\" (type string) at path \"_id\" for model \"User\" - /api/users/logout - GET - ::1","timestamp":"2026-05-21T15:36:38.278Z"}
{"level":"error","message":"401 - Invalid credentials - /api/users/login - POST - ::1","timestamp":"2026-05-22T08:34:09.580Z"}
{"ip":"::1","level":"error","message":"request_error Cast to ObjectId failed for value \"undefined\" (type string) at path \"_id\" for model \"Product\"","method":"GET","originalUrl":"/api/products/undefined","requestId":"357b8672-3a14-478a-a078-916d9cb322a9","statusCode":500,"timestamp":"2026-05-23T08:18:27.193Z"}
{"ip":"::1","level":"error","message":"request_error Cast to ObjectId failed for value \"undefined\" (type string) at path \"_id\" for model \"Product\"","method":"GET","originalUrl":"/api/products/undefined","requestId":"64d991f0-ed04-4e77-8f45-67be9a419590","statusCode":500,"timestamp":"2026-05-23T08:18:27.212Z"}
{"ip":"::1","level":"error","message":"request_error Product not found in wishlist","method":"DELETE","originalUrl":"/api/users/wishlist/undefined","requestId":"c400a5d1-1472-4a40-9438-1b9385b652c7","statusCode":404,"timestamp":"2026-05-23T08:23:17.026Z"}
{"ip":"::1","level":"error","message":"request_error Product not found","method":"POST","originalUrl":"/api/cart","requestId":"2ae759f6-8988-4b52-8dc9-9006752b197f","statusCode":404,"timestamp":"2026-05-23T08:23:23.390Z"}
{"ip":"::1","level":"error","message":"request_error Cast to ObjectId failed for value \"undefined\" (type string) at path \"_id\" for model \"Product\"","method":"GET","originalUrl":"/api/products/undefined","requestId":"80e65c48-7960-424d-92af-eb801fae29b9","statusCode":500,"timestamp":"2026-05-23T08:23:39.815Z"}
{"ip":"::1","level":"error","message":"request_error Cast to ObjectId failed for value \"undefined\" (type string) at path \"_id\" for model \"Product\"","method":"GET","originalUrl":"/api/products/undefined","requestId":"d12f7625-a3a9-4e4f-9d9e-c75e86a588cd","statusCode":500,"timestamp":"2026-05-23T08:23:39.828Z"}
{"ip":"::1","level":"error","message":"request_error Product not found in wishlist","method":"DELETE","originalUrl":"/api/users/wishlist/undefined","requestId":"52498775-f197-4c6d-a56e-48d820fc4cc3","statusCode":404,"timestamp":"2026-05-23T08:24:15.517Z"}
{"ip":"::1","level":"error","message":"request_error Product not found in wishlist","method":"DELETE","originalUrl":"/api/users/wishlist/undefined","requestId":"42265960-abca-4af3-bee3-8681e3a9d149","statusCode":404,"timestamp":"2026-05-23T08:48:04.774Z"}
